<?xml version="1.0" encoding="UTF-8"?>
<!-- Generated by org.testng.reporters.JUnitReportReporter -->
<testsuite skipped="0" hostname="LAPTOP-2CHF7E6P" name="com.croma.tests.Categories" tests="1" failures="0" timestamp="25 Jun 2021 02:27:34 GMT" time="2.322" errors="0">
  <testcase name="category" time="2.322" classname="com.croma.tests.Categories"/>
</testsuite> <!-- com.croma.tests.Categories -->
