<?xml version="1.0" encoding="UTF-8"?>
<!-- Generated by org.testng.reporters.JUnitReportReporter -->
<testsuite skipped="0" hostname="LAPTOP-2CHF7E6P" name="com.croma.tests.highletedProducts" tests="1" failures="0" timestamp="25 Jun 2021 04:45:59 GMT" time="0.138" errors="0">
  <testcase name="products" time="0.138" classname="com.croma.tests.highletedProducts"/>
</testsuite> <!-- com.croma.tests.highletedProducts -->
