<?xml version="1.0" encoding="UTF-8"?>
<!-- Generated by org.testng.reporters.JUnitReportReporter -->
<testsuite skipped="0" hostname="LAPTOP-2CHF7E6P" name="com.croma.tests.croma" tests="1" failures="0" timestamp="25 Jun 2021 02:27:34 GMT" time="13.089" errors="0">
  <testcase name="addToCart" time="13.089" classname="com.croma.tests.croma"/>
</testsuite> <!-- com.croma.tests.croma -->
