<?xml version="1.0" encoding="UTF-8"?>
<!-- Generated by org.testng.reporters.JUnitReportReporter -->
<testsuite skipped="0" hostname="LAPTOP-2CHF7E6P" name="com.croma.tests.VideoCall" tests="2" failures="0" timestamp="25 Jun 2021 05:21:34 GMT" time="1.839" errors="0">
  <testcase name="VdCall" time="0.572" classname="com.croma.tests.VideoCall"/>
  <testcase name="VdCall" time="1.267" classname="com.croma.tests.VideoCall"/>
</testsuite> <!-- com.croma.tests.VideoCall -->
